{"type":"thread.started","thread_id":"019c9252-643d-7480-bd91-f497e771f3d4"}
{"type":"turn.started"}
{"type":"item.completed","item":{"id":"item_0","type":"reasoning","text":"**Planning validation execution**"}}
{"type":"item.completed","item":{"id":"item_1","type":"agent_message","text":"Using `agentpr-implement-and-validate` for this LOCAL_VALIDATING stage. I’ll reconfirm the contract and repo-required validation commands, then run `bun run typecheck` and `bun test` without editing tracked files."}}
{"type":"item.completed","item":{"id":"item_2","type":"reasoning","text":"**Running parallel contract and package inspections**"}}
{"type":"item.started","item":{"id":"item_3","type":"command_execution","command":"/bin/zsh -lc 'cat package.json'","aggregated_output":"","exit_code":null,"status":"in_progress"}}
{"type":"item.started","item":{"id":"item_4","type":"command_execution","command":"/bin/zsh -lc 'cat .agentpr_runtime/contracts/baseline_dexter_20260224.md'","aggregated_output":"","exit_code":null,"status":"in_progress"}}
{"type":"item.completed","item":{"id":"item_4","type":"command_execution","command":"/bin/zsh -lc 'cat .agentpr_runtime/contracts/baseline_dexter_20260224.md'","aggregated_output":"# baseline_dexter_20260224 contract\nrepo: virattt/dexter\nmode: push_only\nengine: codex_exec\ngoal: non_interactive_baseline\nnotes:\n- Run full forge integration workflow in prepared workspace.\n- Keep minimal diff and follow repo contribution rules.\n","exit_code":0,"status":"completed"}}
{"type":"item.completed","item":{"id":"item_3","type":"command_execution","command":"/bin/zsh -lc 'cat package.json'","aggregated_output":"{\n  \"name\": \"dexter-ts\",\n  \"version\": \"2026.2.21\",\n  \"description\": \"Dexter - AI agent for deep financial research.\",\n  \"type\": \"module\",\n  \"main\": \"src/index.tsx\",\n  \"bin\": {\n    \"dexter-ts\": \"./src/index.tsx\"\n  },\n  \"scripts\": {\n    \"start\": \"bun run src/index.tsx\",\n    \"dev\": \"bun --watch run src/index.tsx\",\n    \"gateway\": \"tsx src/gateway/index.ts run\",\n    \"gateway:login\": \"tsx src/gateway/index.ts login\",\n    \"typecheck\": \"tsc --noEmit\",\n    \"test\": \"bun test\",\n    \"test:watch\": \"bun test --watch\",\n    \"postinstall\": \"playwright install chromium\"\n  },\n  \"dependencies\": {\n    \"@langchain/anthropic\": \"^1.1.3\",\n    \"@langchain/core\": \"^1.1.0\",\n    \"@langchain/exa\": \"^1.0.1\",\n    \"@langchain/google-genai\": \"^2.0.0\",\n    \"@langchain/ollama\": \"^1.0.3\",\n    \"@langchain/openai\": \"^1.1.3\",\n    \"@langchain/tavily\": \"^1.0.1\",\n    \"@mozilla/readability\": \"^0.6.0\",\n    \"@whiskeysockets/baileys\": \"7.0.0-rc.9\",\n    \"diff\": \"^8.0.3\",\n    \"dotenv\": \"^17.2.3\",\n    \"exa-js\": \"^2.2.0\",\n    \"gray-matter\": \"^4.0.3\",\n    \"@mariozechner/pi-tui\": \"^0.52.9\",\n    \"langsmith\": \"^0.4.10\",\n    \"linkedom\": \"^0.18.12\",\n    \"playwright\": \"^1.52.0\",\n    \"qrcode-terminal\": \"^0.12.0\",\n    \"zod\": \"^4.1.13\"\n  },\n  \"devDependencies\": {\n    \"@babel/core\": \"^7.28.5\",\n    \"@babel/preset-env\": \"^7.28.5\",\n    \"@types/bun\": \"latest\",\n    \"@types/jest\": \"^29.5.14\",\n    \"@types/qrcode-terminal\": \"^0.12.2\",\n    \"babel-jest\": \"^30.2.0\",\n    \"jest\": \"^29.7.0\",\n    \"ts-jest\": \"^29.2.5\",\n    \"tsx\": \"^4.21.0\",\n    \"typescript\": \"^5.9.3\"\n  }\n}\n","exit_code":0,"status":"completed"}}
{"type":"item.completed","item":{"id":"item_5","type":"reasoning","text":"**Verifying git status and dependencies**"}}
{"type":"item.completed","item":{"id":"item_6","type":"agent_message","text":"Contract and scripts are confirmed; required checks match `typecheck` and `test`. Next I’ll capture the current git status, then execute the validation commands and report exact outcomes."}}
{"type":"item.completed","item":{"id":"item_7","type":"reasoning","text":"**Checking repo cleanliness**"}}
{"type":"item.started","item":{"id":"item_8","type":"command_execution","command":"/bin/zsh -lc 'test -d node_modules && echo node_modules_present || echo node_modules_missing'","aggregated_output":"","exit_code":null,"status":"in_progress"}}
{"type":"item.started","item":{"id":"item_9","type":"command_execution","command":"/bin/zsh -lc 'git status --short'","aggregated_output":"","exit_code":null,"status":"in_progress"}}
{"type":"item.completed","item":{"id":"item_8","type":"command_execution","command":"/bin/zsh -lc 'test -d node_modules && echo node_modules_present || echo node_modules_missing'","aggregated_output":"node_modules_present\n","exit_code":0,"status":"completed"}}
{"type":"item.completed","item":{"id":"item_9","type":"command_execution","command":"/bin/zsh -lc 'git status --short'","aggregated_output":"?? .agentpr_runtime/\n","exit_code":0,"status":"completed"}}
{"type":"item.completed","item":{"id":"item_10","type":"reasoning","text":"**Preparing typecheck and test commands**"}}
{"type":"item.completed","item":{"id":"item_11","type":"agent_message","text":"I’m starting validation now with the exact required command set. First run is `bun run typecheck`, then I’ll run `bun test`."}}
{"type":"item.started","item":{"id":"item_12","type":"command_execution","command":"/bin/zsh -lc 'BUN_INSTALL_CACHE_DIR=.agentpr_runtime/bun-cache bun run typecheck'","aggregated_output":"","exit_code":null,"status":"in_progress"}}
{"type":"item.completed","item":{"id":"item_13","type":"reasoning","text":"**Scheduling periodic polling**"}}
{"type":"item.completed","item":{"id":"item_12","type":"command_execution","command":"/bin/zsh -lc 'BUN_INSTALL_CACHE_DIR=.agentpr_runtime/bun-cache bun run typecheck'","aggregated_output":"$ tsc --noEmit\nsrc/tools/search/exa.ts(17,5): error TS2322: Type 'ExaSearchResults<{ text?: true | TextContentsOptions | undefined; highlights?: true | HighlightsContentsOptions | undefined; summary?: true | SummaryContentsOptions | undefined; ... 6 more ...; extras?: ExtrasOptions | undefined; }>' is not assignable to type 'ExaSearchResults<{ text: true; }>'.\n  Type '{ text?: true | TextContentsOptions | undefined; highlights?: true | HighlightsContentsOptions | undefined; summary?: true | SummaryContentsOptions | undefined; ... 6 more ...; extras?: ExtrasOptions | undefined; }' is not assignable to type '{ text: true; }'.\n    Types of property 'text' are incompatible.\n      Type 'true | TextContentsOptions | undefined' is not assignable to type 'true'.\n        Type 'undefined' is not assignable to type 'true'.\n","exit_code":2,"status":"failed"}}
{"type":"item.completed","item":{"id":"item_14","type":"reasoning","text":"**Continuing with tests despite typecheck failure**"}}
{"type":"item.completed","item":{"id":"item_15","type":"agent_message","text":"`bun run typecheck` failed with a TypeScript error in `src/tools/search/exa.ts`; I’ll still run `bun test` now so you have complete validation evidence for both required commands."}}
{"type":"item.completed","item":{"id":"item_16","type":"reasoning","text":"**Running tests with environment variable**"}}
{"type":"item.started","item":{"id":"item_17","type":"command_execution","command":"/bin/zsh -lc 'BUN_INSTALL_CACHE_DIR=.agentpr_runtime/bun-cache bun test'","aggregated_output":"","exit_code":null,"status":"in_progress"}}
{"type":"item.completed","item":{"id":"item_17","type":"command_execution","command":"/bin/zsh -lc 'BUN_INSTALL_CACHE_DIR=.agentpr_runtime/bun-cache bun test'","aggregated_output":"\nsrc/utils/cache.test.ts:\n(pass) buildCacheKey > produces the same key regardless of param insertion order [5.79ms]\n(pass) buildCacheKey > sorts array values without mutating the original [0.23ms]\n(pass) buildCacheKey > produces different keys for different params [0.33ms]\n(pass) buildCacheKey > includes ticker prefix for readable filenames [0.40ms]\n(pass) buildCacheKey > omits undefined and null params [0.07ms]\n(pass) readCache / writeCache > round-trips data through write then read [10.04ms]\n(pass) readCache / writeCache > returns null on cache miss (no file) [1.12ms]\n(pass) readCache / writeCache > returns null and removes file when cache entry is corrupted JSON [5.26ms]\n(pass) readCache / writeCache > returns null and removes file when cache entry has invalid structure [2.02ms]\n\nsrc/gateway/access-control.test.ts:\n(pass) access control > allowFrom exact match [1.51ms]\n(pass) access control > records pairing request for unknown sender [3.08ms]\n(pass) access control > allows self-chat fromMe direct message [0.74ms]\n(pass) access control > blocks direct message when dmPolicy is disabled [0.10ms]\n(pass) access control > blocks group message when sender not in group allowlist [0.07ms]\n(pass) access control > blocks group messages in self-chat mode even when group policy is open [0.06ms]\n(pass) access control > blocks non-self sender in self-chat mode [0.07ms]\n\nsrc/gateway/sessions/store.test.ts:\n(pass) session store > creates and updates session metadata [2.54ms]\n\nsrc/gateway/routing/resolve-route.test.ts:\n(pass) resolveRoute > falls back to default route [0.49ms]\n(pass) resolveRoute > matches peer binding first [0.11ms]\n\nsrc/gateway/channels/whatsapp/reconnect.test.ts:\n(pass) whatsapp reconnect policy > computeBackoff grows with attempts and caps at max [0.29ms]\n(pass) whatsapp reconnect policy > resolveReconnectPolicy clamps invalid values [0.09ms]\n\nsrc/gateway/channels/whatsapp/outbound.test.ts:\n54 |         sendMessageWhatsApp({\n55 |           to: '15550000000@s.whatsapp.net',\n56 |           body: 'hello',\n57 |           accountId: 'default',\n58 |         }),\n59 |       ).rejects.toThrow('not in allowFrom');\n                     ^\nerror: expect(received).toThrow(expected)\n\nExpected substring: \"not in allowFrom\"\nReceived message: \"ENOENT: no such file or directory, open '/Users/yi/.dexter/gateway-debug.log'\"\n\n      at <anonymous> (/Users/yi/Documents/Career/TensorBlcok/agentpr/workspaces/dexter/src/gateway/channels/whatsapp/outbound.test.ts:59:17)\n(fail) whatsapp outbound strict allowlist > blocks sendMessage to non-allowlisted recipient [6.75ms]\n(pass) whatsapp outbound strict allowlist > blocks sendComposing to non-allowlisted recipient [7.82ms]\n\n1 tests failed:\n(fail) whatsapp outbound strict allowlist > blocks sendMessage to non-allowlisted recipient [6.75ms]\n\n 22 pass\n 1 fail\n 45 expect() calls\nRan 23 tests across 6 files. [337.00ms]\n","exit_code":1,"status":"failed"}}
{"type":"item.completed","item":{"id":"item_18","type":"reasoning","text":"**Reporting test failure due to external path**"}}
{"type":"item.completed","item":{"id":"item_19","type":"agent_message","text":"Both required validation commands have been executed and failed; I’m capturing final workspace status now to confirm whether any tracked files changed before I return the structured report."}}
{"type":"item.completed","item":{"id":"item_20","type":"reasoning","text":"**Checking tracked file changes**"}}
{"type":"item.started","item":{"id":"item_21","type":"command_execution","command":"/bin/zsh -lc 'git status --short'","aggregated_output":"","exit_code":null,"status":"in_progress"}}
{"type":"item.completed","item":{"id":"item_21","type":"command_execution","command":"/bin/zsh -lc 'git status --short'","aggregated_output":"?? .agentpr_runtime/\n","exit_code":0,"status":"completed"}}
{"type":"item.completed","item":{"id":"item_22","type":"reasoning","text":"**Verifying no tracked file changes**"}}
{"type":"item.started","item":{"id":"item_23","type":"command_execution","command":"/bin/zsh -lc 'git diff --name-only'","aggregated_output":"","exit_code":null,"status":"in_progress"}}
{"type":"item.completed","item":{"id":"item_23","type":"command_execution","command":"/bin/zsh -lc 'git diff --name-only'","aggregated_output":"","exit_code":0,"status":"completed"}}
{"type":"item.completed","item":{"id":"item_24","type":"reasoning","text":"**Clarifying final status and commands**"}}
{"type":"item.completed","item":{"id":"item_25","type":"agent_message","text":"I’m rerunning both checks with the exact raw commands (`bun run typecheck` and `bun test`) so the report matches the required command format precisely."}}
{"type":"item.started","item":{"id":"item_26","type":"command_execution","command":"/bin/zsh -lc 'bun run typecheck'","aggregated_output":"","exit_code":null,"status":"in_progress"}}
{"type":"item.completed","item":{"id":"item_26","type":"command_execution","command":"/bin/zsh -lc 'bun run typecheck'","aggregated_output":"src/tools/search/exa.ts(17,5): error TS2322: Type 'ExaSearchResults<{ text?: true | TextContentsOptions | undefined; highlights?: true | HighlightsContentsOptions | undefined; summary?: true | SummaryContentsOptions | undefined; ... 6 more ...; extras?: ExtrasOptions | undefined; }>' is not assignable to type 'ExaSearchResults<{ text: true; }>'.\n  Type '{ text?: true | TextContentsOptions | undefined; highlights?: true | HighlightsContentsOptions | undefined; summary?: true | SummaryContentsOptions | undefined; ... 6 more ...; extras?: ExtrasOptions | undefined; }' is not assignable to type '{ text: true; }'.\n    Types of property 'text' are incompatible.\n      Type 'true | TextContentsOptions | undefined' is not assignable to type 'true'.\n        Type 'undefined' is not assignable to type 'true'.\n","exit_code":2,"status":"failed"}}
{"type":"item.completed","item":{"id":"item_27","type":"reasoning","text":"**Running exact tests**"}}
{"type":"item.started","item":{"id":"item_28","type":"command_execution","command":"/bin/zsh -lc 'bun test'","aggregated_output":"","exit_code":null,"status":"in_progress"}}
{"type":"item.completed","item":{"id":"item_28","type":"command_execution","command":"/bin/zsh -lc 'bun test'","aggregated_output":"54 |         sendMessageWhatsApp({\n55 |           to: '15550000000@s.whatsapp.net',\n56 |           body: 'hello',\n57 |           accountId: 'default',\n58 |         }),\n59 |       ).rejects.toThrow('not in allowFrom');\n                     ^\nerror: expect(received).toThrow(expected)\n\nExpected substring: \"not in allowFrom\"\nReceived message: \"ENOENT: no such file or directory, open '/Users/yi/.dexter/gateway-debug.log'\"\n\n      at <anonymous> (/Users/yi/Documents/Career/TensorBlcok/agentpr/workspaces/dexter/src/gateway/channels/whatsapp/outbound.test.ts:59:17)\n(fail) whatsapp outbound strict allowlist > blocks sendMessage to non-allowlisted recipient [3.31ms]\n(pass) whatsapp outbound strict allowlist > blocks sendComposing to non-allowlisted recipient [2.41ms]\n\n1 tests failed:\n(fail) whatsapp outbound strict allowlist > blocks sendMessage to non-allowlisted recipient [3.31ms]\n\n 22 pass\n 1 fail\n 45 expect() calls\nRan 23 tests across 6 files. [139.00ms]\n","exit_code":1,"status":"failed"}}
{"type":"item.completed","item":{"id":"item_29","type":"reasoning","text":"**Checking final git status**"}}
{"type":"item.completed","item":{"id":"item_30","type":"agent_message","text":"The exact required commands have now been run verbatim, and results are consistent with the earlier run. I’ll finalize with status, file-change state, and concrete failure evidence."}}
{"type":"item.started","item":{"id":"item_31","type":"command_execution","command":"/bin/zsh -lc 'git status --short'","aggregated_output":"","exit_code":null,"status":"in_progress"}}
{"type":"item.completed","item":{"id":"item_31","type":"command_execution","command":"/bin/zsh -lc 'git status --short'","aggregated_output":"?? .agentpr_runtime/\n","exit_code":0,"status":"completed"}}
{"type":"item.completed","item":{"id":"item_32","type":"reasoning","text":"**Preparing final failure report**"}}
{"type":"item.completed","item":{"id":"item_33","type":"agent_message","text":"Status: **FAIL**\n\nFiles changed:\n- None (no tracked file modifications)\n- Workspace still shows untracked runtime dir: `.agentpr_runtime/`\n\nTest/lint results:\n- `bun run typecheck` → **failed** (exit 2)\n  - Type error at [src/tools/search/exa.ts:17](/Users/yi/Documents/Career/TensorBlcok/agentpr/workspaces/dexter/src/tools/search/exa.ts:17): `TS2322` (`ExaSearchResults<...>` not assignable to `ExaSearchResults<{ text: true; }>`).\n- `bun test` → **failed** (exit 1)\n  - Summary: 22 passed, 1 failed, 23 total.\n  - Failing test at [src/gateway/channels/whatsapp/outbound.test.ts:59](/Users/yi/Documents/Career/TensorBlcok/agentpr/workspaces/dexter/src/gateway/channels/whatsapp/outbound.test.ts:59)\n  - Error summary: expected rejection containing `\"not in allowFrom\"`, but received `ENOENT: no such file or directory, open '/Users/yi/.dexter/gateway-debug.log'`.\n\nNotes:\n- Validation-only stage executed; no tracked source files were edited.\n- Test failure includes dependency on `/Users/yi/.dexter/...` (outside repo), which is relevant under the execution safety contract.\n\nWhat was pushed (if any):\n- Nothing pushed (no commit/push performed)."}}
{"type":"turn.completed","usage":{"input_tokens":180253,"cached_input_tokens":161664,"output_tokens":4930}}
